TN:
SF:/home/dev/Dropbox/www/contact-manage/src/polyfills.ts
FNF:0
FNH:0
LF:0
LH:0
BRF:0
BRH:0
end_of_record
TN:
SF:/home/dev/Dropbox/www/contact-manage/src/test.ts
FNF:0
FNH:0
DA:6,1
DA:8,1
DA:10,1
LF:3
LH:3
BRF:0
BRH:0
end_of_record
TN:
SF:/home/dev/Dropbox/www/contact-manage/src/app/components/contact-add/contact-add.component.ts
FN:1,(anonymous_0)
FN:7,(anonymous_1)
FN:15,(anonymous_2)
FN:21,ContactAddComponent
FN:29,(anonymous_4)
FNF:5
FNH:5
FNDA:1,(anonymous_0)
FNDA:1,(anonymous_1)
FNDA:1,(anonymous_2)
FNDA:3,ContactAddComponent
FNDA:1,(anonymous_4)
DA:1,1
DA:2,1
DA:3,1
DA:4,2
DA:5,1
DA:7,1
DA:8,1
DA:15,1
DA:22,3
DA:29,1
DA:30,1
DA:32,1
DA:39,1
LF:13
LH:13
BRDA:1,0,0,1
BRDA:1,0,1,0
BRDA:1,0,2,1
BRDA:2,1,0,1
BRDA:2,1,1,0
BRDA:2,2,0,0
BRDA:2,2,1,0
BRDA:3,3,0,0
BRDA:3,3,1,1
BRDA:3,4,0,1
BRDA:3,4,1,1
BRDA:4,5,0,2
BRDA:4,5,1,0
BRDA:4,6,0,2
BRDA:4,6,1,1
BRDA:4,7,0,2
BRDA:4,7,1,0
BRDA:4,8,0,0
BRDA:4,8,1,0
BRDA:5,9,0,1
BRDA:5,9,1,0
BRDA:5,9,2,0
BRDA:7,10,0,1
BRDA:7,10,1,0
BRDA:7,10,2,1
BRDA:8,11,0,1
BRDA:8,11,1,0
BRDA:8,12,0,1
BRDA:8,12,1,1
BRF:29
BRH:16
end_of_record
TN:
SF:/home/dev/Dropbox/www/contact-manage/src/app/components/contact-edit/contact-edit.component.ts
FN:1,(anonymous_0)
FN:7,(anonymous_1)
FN:16,(anonymous_2)
FN:23,ContactEditComponent
FN:42,(anonymous_4)
FN:45,(anonymous_5)
FN:45,(anonymous_6)
FN:52,(anonymous_7)
FN:55,(anonymous_8)
FNF:9
FNH:9
FNDA:3,(anonymous_0)
FNDA:3,(anonymous_1)
FNDA:1,(anonymous_2)
FNDA:8,ContactEditComponent
FNDA:11,(anonymous_4)
FNDA:1,(anonymous_5)
FNDA:1,(anonymous_6)
FNDA:2,(anonymous_7)
FNDA:1,(anonymous_8)
DA:1,1
DA:2,3
DA:3,3
DA:4,6
DA:5,3
DA:7,1
DA:8,3
DA:16,1
DA:24,8
DA:25,8
DA:29,8
DA:33,8
DA:37,8
DA:42,1
DA:43,11
DA:44,11
DA:45,1
DA:52,1
DA:53,2
DA:54,2
DA:55,1
DA:57,1
DA:61,1
DA:65,1
DA:73,1
LF:25
LH:25
BRDA:1,0,0,1
BRDA:1,0,1,0
BRDA:1,0,2,1
BRDA:2,1,0,1
BRDA:2,1,1,2
BRDA:2,2,0,0
BRDA:2,2,1,2
BRDA:3,3,0,0
BRDA:3,3,1,3
BRDA:3,4,0,3
BRDA:3,4,1,3
BRDA:4,5,0,6
BRDA:4,5,1,0
BRDA:4,6,0,6
BRDA:4,6,1,5
BRDA:4,7,0,2
BRDA:4,7,1,4
BRDA:4,8,0,4
BRDA:4,8,1,0
BRDA:5,9,0,3
BRDA:5,9,1,2
BRDA:5,9,2,0
BRDA:7,10,0,1
BRDA:7,10,1,0
BRDA:7,10,2,1
BRDA:8,11,0,3
BRDA:8,11,1,0
BRDA:8,12,0,3
BRDA:8,12,1,3
BRF:29
BRH:21
end_of_record
TN:
SF:/home/dev/Dropbox/www/contact-manage/src/app/components/contact-form/contact-form.component.ts
FN:1,(anonymous_0)
FN:7,(anonymous_1)
FN:15,(anonymous_2)
FN:22,ContactFormComponent
FN:61,(anonymous_4)
FN:71,(anonymous_5)
FN:79,(anonymous_6)
FN:85,(anonymous_7)
FN:102,(anonymous_8)
FN:105,(anonymous_9)
FNF:10
FNH:10
FNDA:4,(anonymous_0)
FNDA:4,(anonymous_1)
FNDA:1,(anonymous_2)
FNDA:14,ContactFormComponent
FNDA:15,(anonymous_4)
FNDA:18,(anonymous_5)
FNDA:28,(anonymous_6)
FNDA:44,(anonymous_7)
FNDA:3,(anonymous_8)
FNDA:1,(anonymous_9)
DA:1,1
DA:2,4
DA:3,4
DA:4,8
DA:5,4
DA:7,1
DA:8,4
DA:15,1
DA:23,14
DA:24,14
DA:28,14
DA:32,14
DA:40,14
DA:44,14
DA:52,14
DA:55,14
DA:56,14
DA:61,1
DA:62,15
DA:71,1
DA:72,18
DA:73,18
DA:78,18
DA:79,28
DA:80,18
DA:85,1
DA:86,44
DA:87,133
DA:88,133
DA:89,133
DA:90,133
DA:91,1
DA:92,1
DA:93,1
DA:94,1
DA:102,1
DA:103,3
DA:104,3
DA:105,2
DA:106,1
DA:107,1
DA:108,1
DA:110,1
DA:112,2
DA:114,1
DA:115,1
DA:117,1
DA:121,1
DA:125,1
DA:129,1
DA:137,1
LF:51
LH:51
BRDA:1,0,0,1
BRDA:1,0,1,0
BRDA:1,0,2,1
BRDA:2,1,0,1
BRDA:2,1,1,3
BRDA:2,2,0,0
BRDA:2,2,1,3
BRDA:3,3,0,0
BRDA:3,3,1,4
BRDA:3,4,0,4
BRDA:3,4,1,4
BRDA:4,5,0,8
BRDA:4,5,1,0
BRDA:4,6,0,8
BRDA:4,6,1,7
BRDA:4,7,0,2
BRDA:4,7,1,6
BRDA:4,8,0,6
BRDA:4,8,1,0
BRDA:5,9,0,4
BRDA:5,9,1,3
BRDA:5,9,2,0
BRDA:7,10,0,1
BRDA:7,10,1,0
BRDA:7,10,2,1
BRDA:8,11,0,4
BRDA:8,11,1,0
BRDA:8,12,0,4
BRDA:8,12,1,4
BRDA:90,13,0,1
BRDA:90,13,1,132
BRDA:90,14,0,133
BRDA:90,14,1,133
BRDA:90,14,2,2
BRDA:104,15,0,2
BRDA:104,15,1,1
BRF:36
BRH:28
end_of_record
TN:
SF:/home/dev/Dropbox/www/contact-manage/src/app/services/database.service.ts
FN:1,(anonymous_0)
FN:9,(anonymous_1)
FN:10,DatabaseService
FN:33,(anonymous_3)
FN:42,(anonymous_4)
FN:50,(anonymous_5)
FN:56,(anonymous_6)
FN:62,(anonymous_7)
FN:65,(anonymous_8)
FN:70,(anonymous_9)
FN:87,(anonymous_10)
FNF:11
FNH:11
FNDA:1,(anonymous_0)
FNDA:1,(anonymous_1)
FNDA:16,DatabaseService
FNDA:1,(anonymous_3)
FNDA:1,(anonymous_4)
FNDA:1,(anonymous_5)
FNDA:1,(anonymous_6)
FNDA:2,(anonymous_7)
FNDA:2,(anonymous_8)
FNDA:2,(anonymous_9)
FNDA:1,(anonymous_10)
DA:1,1
DA:2,1
DA:3,1
DA:4,1
DA:5,1
DA:9,1
DA:14,16
DA:18,16
DA:22,16
DA:26,16
DA:33,1
DA:34,1
DA:42,1
DA:43,1
DA:50,1
DA:51,1
DA:56,1
DA:57,1
DA:62,1
DA:63,2
DA:64,2
DA:65,2
DA:70,1
DA:71,2
DA:87,1
DA:88,1
DA:90,1
DA:95,1
LF:28
LH:28
BRDA:1,0,0,1
BRDA:1,0,1,0
BRDA:1,0,2,1
BRDA:2,1,0,1
BRDA:2,1,1,0
BRDA:2,2,0,0
BRDA:2,2,1,0
BRDA:3,3,0,0
BRDA:3,3,1,1
BRDA:3,4,0,1
BRDA:3,4,1,1
BRDA:4,5,0,1
BRDA:4,5,1,0
BRDA:4,6,0,1
BRDA:4,6,1,0
BRDA:4,7,0,1
BRDA:4,7,1,0
BRDA:4,8,0,0
BRDA:4,8,1,0
BRDA:5,9,0,1
BRDA:5,9,1,0
BRDA:5,9,2,0
BRF:22
BRH:10
end_of_record
